2021-03-18 10:03:32.855  INFO MBP-di-MacBook.homenet.telecomitalia.it --- [           main] i.o.e.EcommerceApplication               : Starting EcommerceApplication using Java 1.8.0_275 on MBP-di-MacBook.homenet.telecomitalia.it with PID 60363 (/Users/macbookpro/Dropbox/Il mio Mac (MacBook Pro di MacBook)/Desktop/java_files/ecommerce/target/classes started by macbookpro in /Users/macbookpro/Dropbox/Il mio Mac (MacBook Pro di MacBook)/Desktop/java_files/ecommerce)
2021-03-18 10:03:32.863  INFO MBP-di-MacBook.homenet.telecomitalia.it --- [           main] i.o.e.EcommerceApplication               : No active profile set, falling back to default profiles: default
2021-03-18 10:03:33.641  INFO MBP-di-MacBook.homenet.telecomitalia.it --- [           main] .s.d.r.c.RepositoryConfigurationDelegate : Bootstrapping Spring Data JPA repositories in DEFAULT mode.
2021-03-18 10:03:33.709  INFO MBP-di-MacBook.homenet.telecomitalia.it --- [           main] .s.d.r.c.RepositoryConfigurationDelegate : Finished Spring Data repository scanning in 58 ms. Found 4 JPA repository interfaces.
2021-03-18 10:03:34.250  INFO MBP-di-MacBook.homenet.telecomitalia.it --- [           main] o.s.b.w.e.t.TomcatWebServer              : Tomcat initialized with port(s): 8080 (http)
2021-03-18 10:03:34.261  INFO MBP-di-MacBook.homenet.telecomitalia.it --- [           main] o.a.c.h.Http11NioProtocol                : Initializing ProtocolHandler ["http-nio-8080"]
2021-03-18 10:03:34.261  INFO MBP-di-MacBook.homenet.telecomitalia.it --- [           main] o.a.c.c.StandardService                  : Starting service [Tomcat]
2021-03-18 10:03:34.261  INFO MBP-di-MacBook.homenet.telecomitalia.it --- [           main] o.a.c.c.StandardEngine                   : Starting Servlet engine: [Apache Tomcat/9.0.43]
2021-03-18 10:03:34.501  INFO MBP-di-MacBook.homenet.telecomitalia.it --- [           main] o.a.j.s.TldScanner                       : At least one JAR was scanned for TLDs yet contained no TLDs. Enable debug logging for this logger for a complete list of JARs that were scanned but no TLDs were found in them. Skipping unneeded JARs during scanning can improve startup time and JSP compilation time.
2021-03-18 10:03:34.504  INFO MBP-di-MacBook.homenet.telecomitalia.it --- [           main] o.a.c.c.C.[.[.[/]                        : Initializing Spring embedded WebApplicationContext
2021-03-18 10:03:34.504  INFO MBP-di-MacBook.homenet.telecomitalia.it --- [           main] w.s.c.ServletWebServerApplicationContext : Root WebApplicationContext: initialization completed in 1510 ms
2021-03-18 10:03:34.666  INFO MBP-di-MacBook.homenet.telecomitalia.it --- [           main] c.z.h.HikariDataSource                   : HikariPool-1 - Starting...
2021-03-18 10:03:34.670  WARN MBP-di-MacBook.homenet.telecomitalia.it --- [           main] c.z.h.u.DriverDataSource                 : Registered driver with driverClassName=com.mysql.jdbc.Driver was not found, trying direct instantiation.
2021-03-18 10:03:35.116  INFO MBP-di-MacBook.homenet.telecomitalia.it --- [           main] c.z.h.HikariDataSource                   : HikariPool-1 - Start completed.
2021-03-18 10:03:35.174  INFO MBP-di-MacBook.homenet.telecomitalia.it --- [           main] o.h.j.i.u.LogHelper                      : HHH000204: Processing PersistenceUnitInfo [name: default]
2021-03-18 10:03:35.243  INFO MBP-di-MacBook.homenet.telecomitalia.it --- [           main] o.h.Version                              : HHH000412: Hibernate ORM core version 5.4.28.Final
2021-03-18 10:03:35.453  INFO MBP-di-MacBook.homenet.telecomitalia.it --- [           main] o.h.a.c.Version                          : HCANN000001: Hibernate Commons Annotations {5.1.2.Final}
2021-03-18 10:03:35.652  INFO MBP-di-MacBook.homenet.telecomitalia.it --- [           main] o.h.d.Dialect                            : HHH000400: Using dialect: org.hibernate.dialect.MySQL8Dialect
2021-03-18 10:03:36.539  INFO MBP-di-MacBook.homenet.telecomitalia.it --- [           main] o.h.e.t.j.p.i.JtaPlatformInitiator       : HHH000490: Using JtaPlatform implementation: [org.hibernate.engine.transaction.jta.platform.internal.NoJtaPlatform]
2021-03-18 10:03:36.549  INFO MBP-di-MacBook.homenet.telecomitalia.it --- [           main] j.LocalContainerEntityManagerFactoryBean : Initialized JPA EntityManagerFactory for persistence unit 'default'
2021-03-18 10:03:37.547  WARN MBP-di-MacBook.homenet.telecomitalia.it --- [           main] JpaBaseConfiguration$JpaWebConfiguration : spring.jpa.open-in-view is enabled by default. Therefore, database queries may be performed during view rendering. Explicitly configure spring.jpa.open-in-view to disable this warning
2021-03-18 10:03:37.637  INFO MBP-di-MacBook.homenet.telecomitalia.it --- [           main] o.s.s.c.ThreadPoolTaskExecutor           : Initializing ExecutorService 'applicationTaskExecutor'
2021-03-18 10:03:37.850  INFO MBP-di-MacBook.homenet.telecomitalia.it --- [           main] o.a.c.h.Http11NioProtocol                : Starting ProtocolHandler ["http-nio-8080"]
2021-03-18 10:03:37.888  INFO MBP-di-MacBook.homenet.telecomitalia.it --- [           main] o.s.b.w.e.t.TomcatWebServer              : Tomcat started on port(s): 8080 (http) with context path ''
2021-03-18 10:03:37.899  INFO MBP-di-MacBook.homenet.telecomitalia.it --- [           main] i.o.e.EcommerceApplication               : Started EcommerceApplication in 5.409 seconds (JVM running for 6.548)
2021-03-18 10:03:37.901  INFO MBP-di-MacBook.homenet.telecomitalia.it --- [           main] i.o.e.EcommerceApplication               : Info log
2021-03-18 10:03:37.901  WARN MBP-di-MacBook.homenet.telecomitalia.it --- [           main] i.o.e.EcommerceApplication               : Hey, This is a warning!
2021-03-18 10:03:37.901 ERROR MBP-di-MacBook.homenet.telecomitalia.it --- [           main] i.o.e.EcommerceApplication               : Oops! We have an Error. OK
2021-03-18 10:03:37.901 FATAL MBP-di-MacBook.homenet.telecomitalia.it --- [           main] i.o.e.EcommerceApplication               : Damn! Fatal error. Please fix me.
2021-03-18 10:04:58.036  INFO MBP-di-MacBook.homenet.telecomitalia.it --- [nio-8080-exec-2] o.a.c.c.C.[.[.[/]                        : Initializing Spring DispatcherServlet 'dispatcherServlet'
2021-03-18 10:04:58.038  INFO MBP-di-MacBook.homenet.telecomitalia.it --- [nio-8080-exec-2] o.s.w.s.DispatcherServlet                : Initializing Servlet 'dispatcherServlet'
2021-03-18 10:04:58.046  INFO MBP-di-MacBook.homenet.telecomitalia.it --- [nio-8080-exec-2] o.s.w.s.DispatcherServlet                : Completed initialization in 7 ms
